time="2025-04-16T11:27:08+02:00" level=info msg="Using docker host 'unix:///var/run/docker.sock', and daemon socket 'unix:///var/run/docker.sock'"
time="2025-04-16T11:27:08+02:00" level=info msg="deleted cache: &{ID:41 Key:setup-java-linux-x64-maven-ea50c4c0215e34137ac06e8c0f4c3d381cb0e3fc19f30b6addc520364581e0cb Version:2c479479478fe472ffce8f8801a8cdeec55809f156d82ede7bf5746e7a0170e9 Size:58610498 Complete:true UsedAt:1744795212 CreatedAt:1744794457}" module=artifactcache
time="2025-04-16T11:27:08+02:00" level=info msg="deleted cache: &{ID:42 Key:setup-java-linux-x64-maven-ea50c4c0215e34137ac06e8c0f4c3d381cb0e3fc19f30b6addc520364581e0cb Version:2c479479478fe472ffce8f8801a8cdeec55809f156d82ede7bf5746e7a0170e9 Size:58610792 Complete:true UsedAt:1744795252 CreatedAt:1744795217}" module=artifactcache
time="2025-04-16T11:27:08+02:00" level=info msg="deleted cache: &{ID:43 Key:setup-java-linux-x64-maven-ea50c4c0215e34137ac06e8c0f4c3d381cb0e3fc19f30b6addc520364581e0cb Version:2c479479478fe472ffce8f8801a8cdeec55809f156d82ede7bf5746e7a0170e9 Size:58610670 Complete:true UsedAt:1744795260 CreatedAt:1744795257}" module=artifactcache
time="2025-04-16T11:27:08+02:00" level=info msg="deleted cache: &{ID:44 Key:setup-java-linux-x64-maven-ea50c4c0215e34137ac06e8c0f4c3d381cb0e3fc19f30b6addc520364581e0cb Version:2c479479478fe472ffce8f8801a8cdeec55809f156d82ede7bf5746e7a0170e9 Size:58609187 Complete:true UsedAt:1744795290 CreatedAt:1744795266}" module=artifactcache
time="2025-04-16T11:27:08+02:00" level=info msg="deleted cache: &{ID:45 Key:setup-java-linux-x64-maven-ea50c4c0215e34137ac06e8c0f4c3d381cb0e3fc19f30b6addc520364581e0cb Version:2c479479478fe472ffce8f8801a8cdeec55809f156d82ede7bf5746e7a0170e9 Size:58610420 Complete:true UsedAt:1744795299 CreatedAt:1744795295}" module=artifactcache
time="2025-04-16T11:27:08+02:00" level=info msg="deleted cache: &{ID:46 Key:setup-java-linux-x64-maven-ea50c4c0215e34137ac06e8c0f4c3d381cb0e3fc19f30b6addc520364581e0cb Version:2c479479478fe472ffce8f8801a8cdeec55809f156d82ede7bf5746e7a0170e9 Size:58609325 Complete:true UsedAt:1744795307 CreatedAt:1744795304}" module=artifactcache
[Build Spring Boot with Maven/Build and verify] ‚≠ê Run Set up job
[Build Spring Boot with Maven/Build and verify] üöÄ  Start image=catthehacker/ubuntu:act-latest
[Build Spring Boot with Maven/Build and verify]   üê≥  docker pull image=catthehacker/ubuntu:act-latest platform= username= forcePull=true
[Build Spring Boot with Maven/Build and verify]   üê≥  docker create image=catthehacker/ubuntu:act-latest platform= entrypoint=["tail" "-f" "/dev/null"] cmd=[] network="host"
[Build Spring Boot with Maven/Build and verify]   üê≥  docker run image=catthehacker/ubuntu:act-latest platform= entrypoint=["tail" "-f" "/dev/null"] cmd=[] network="host"
[Build Spring Boot with Maven/Build and verify]   üê≥  docker exec cmd=[node --no-warnings -e console.log(process.execPath)] user= workdir=
[Build Spring Boot with Maven/Build and verify]   ‚úÖ  Success - Set up job
[Build Spring Boot with Maven/Build and verify]   ‚òÅ  git clone 'https://github.com/actions/setup-java' # ref=v4
[Build Spring Boot with Maven/Build and verify] ‚≠ê Run Main Check out the repo
[Build Spring Boot with Maven/Build and verify]   üê≥  docker cp src=/home/lukas/IdeaProjects/masterarbeit_github_action_test/. dst=/home/lukas/IdeaProjects/masterarbeit_github_action_test
[Build Spring Boot with Maven/Build and verify]   ‚úÖ  Success - Main Check out the repo [72.450669ms]
[Build Spring Boot with Maven/Build and verify] ‚≠ê Run Main Setup Java 17
[Build Spring Boot with Maven/Build and verify]   üê≥  docker cp src=/home/lukas/.cache/act/actions-setup-java@v4/ dst=/var/run/act/actions/actions-setup-java@v4/
[Build Spring Boot with Maven/Build and verify]   üê≥  docker exec cmd=[/opt/acttoolcache/node/18.20.8/x64/bin/node /var/run/act/actions/actions-setup-java@v4/dist/setup/index.js] user= workdir=
[Build Spring Boot with Maven/Build and verify]   ‚ùì  ::group::Installed distributions
[Build Spring Boot with Maven/Build and verify]   | Resolved Java 17.0.14+7 from tool-cache
[Build Spring Boot with Maven/Build and verify]   | Setting Java 17.0.14+7 as the default
[Build Spring Boot with Maven/Build and verify]   | Creating toolchains.xml for JDK version 17 from temurin
[Build Spring Boot with Maven/Build and verify]   | Writing to /root/.m2/toolchains.xml
[Build Spring Boot with Maven/Build and verify]   | 
[Build Spring Boot with Maven/Build and verify]   | Java configuration:
[Build Spring Boot with Maven/Build and verify]   |   Distribution: temurin
[Build Spring Boot with Maven/Build and verify]   |   Version: 17.0.14+7
[Build Spring Boot with Maven/Build and verify]   |   Path: /opt/hostedtoolcache/Java_Temurin-Hotspot_jdk/17.0.14-7/x64
[Build Spring Boot with Maven/Build and verify]   | 
[Build Spring Boot with Maven/Build and verify]   ‚ùì  ::endgroup::
[Build Spring Boot with Maven/Build and verify]   ‚ùì add-matcher /run/act/actions/actions-setup-java@v4/.github/java.json
[Build Spring Boot with Maven/Build and verify]   | Creating settings.xml with server-id: github
[Build Spring Boot with Maven/Build and verify]   | Writing to /root/.m2/settings.xml
[Build Spring Boot with Maven/Build and verify]   ‚öô  ***
[Build Spring Boot with Maven/Build and verify]   | Cache Size: ~56 MB (58610735 B)
[Build Spring Boot with Maven/Build and verify]   | [command]/usr/bin/tar -xf /tmp/cffd759e-cbd5-4c01-940d-8dd01603bef2/cache.tzst -P -C /home/lukas/IdeaProjects/masterarbeit_github_action_test --use-compress-program unzstd
[Build Spring Boot with Maven/Build and verify]   | Cache restored successfully
[Build Spring Boot with Maven/Build and verify]   | Cache restored from key: setup-java-linux-x64-maven-ea50c4c0215e34137ac06e8c0f4c3d381cb0e3fc19f30b6addc520364581e0cb
[Build Spring Boot with Maven/Build and verify]   ‚úÖ  Success - Main Setup Java 17 [659.896089ms]
[Build Spring Boot with Maven/Build and verify]   ‚öô  ::set-env:: JAVA_HOME=/opt/hostedtoolcache/Java_Temurin-Hotspot_jdk/17.0.14-7/x64
[Build Spring Boot with Maven/Build and verify]   ‚öô  ::set-env:: JAVA_HOME_17_X64=/opt/hostedtoolcache/Java_Temurin-Hotspot_jdk/17.0.14-7/x64
[Build Spring Boot with Maven/Build and verify]   ‚öô  ::set-output:: distribution=Temurin-Hotspot
[Build Spring Boot with Maven/Build and verify]   ‚öô  ::set-output:: path=/opt/hostedtoolcache/Java_Temurin-Hotspot_jdk/17.0.14-7/x64
[Build Spring Boot with Maven/Build and verify]   ‚öô  ::set-output:: version=17.0.14+7
[Build Spring Boot with Maven/Build and verify]   ‚öô  ::set-output:: cache-hit=false
[Build Spring Boot with Maven/Build and verify]   ‚öô  ::add-path:: /opt/hostedtoolcache/Java_Temurin-Hotspot_jdk/17.0.14-7/x64/bin
[Build Spring Boot with Maven/Build and verify] ‚≠ê Run Main Build with Maven
[Build Spring Boot with Maven/Build and verify]   üê≥  docker exec cmd=[bash -e /var/run/act/workflow/2] user= workdir=
[Build Spring Boot with Maven/Build and verify]   | [INFO] Scanning for projects...
[Build Spring Boot with Maven/Build and verify]   | [INFO] 
[Build Spring Boot with Maven/Build and verify]   | [INFO] ------------< org.example:masterarbeit_github_action_test >-------------
[Build Spring Boot with Maven/Build and verify]   | [INFO] Building masterarbeit_github_action_test 0.0.1-SNAPSHOT
[Build Spring Boot with Maven/Build and verify]   | [INFO]   from pom.xml
[Build Spring Boot with Maven/Build and verify]   | [INFO] --------------------------------[ jar ]---------------------------------
[Build Spring Boot with Maven/Build and verify]   | [INFO] 
[Build Spring Boot with Maven/Build and verify]   | [INFO] --- clean:3.4.1:clean (default-clean) @ masterarbeit_github_action_test ---
[Build Spring Boot with Maven/Build and verify]   | [INFO] 
[Build Spring Boot with Maven/Build and verify]   | [INFO] --- resources:3.3.1:resources (default-resources) @ masterarbeit_github_action_test ---
[Build Spring Boot with Maven/Build and verify]   | [INFO] Copying 1 resource from src/main/resources to target/classes
[Build Spring Boot with Maven/Build and verify]   | [INFO] Copying 1 resource from src/main/resources to target/classes
[Build Spring Boot with Maven/Build and verify]   | [INFO] 
[Build Spring Boot with Maven/Build and verify]   | [INFO] --- compiler:3.13.0:compile (default-compile) @ masterarbeit_github_action_test ---
[Build Spring Boot with Maven/Build and verify]   | [INFO] Recompiling the module because of changed source code.
[Build Spring Boot with Maven/Build and verify]   | [INFO] Compiling 3 source files with javac [debug parameters release 17] to target/classes
[Build Spring Boot with Maven/Build and verify]   | [INFO] 
[Build Spring Boot with Maven/Build and verify]   | [INFO] --- resources:3.3.1:testResources (default-testResources) @ masterarbeit_github_action_test ---
[Build Spring Boot with Maven/Build and verify]   | [INFO] skip non existing resourceDirectory /home/lukas/IdeaProjects/masterarbeit_github_action_test/src/test/resources
[Build Spring Boot with Maven/Build and verify]   | [INFO] 
[Build Spring Boot with Maven/Build and verify]   | [INFO] --- compiler:3.13.0:testCompile (default-testCompile) @ masterarbeit_github_action_test ---
[Build Spring Boot with Maven/Build and verify]   | [INFO] Recompiling the module because of changed dependency.
[Build Spring Boot with Maven/Build and verify]   | [INFO] Compiling 3 source files with javac [debug parameters release 17] to target/test-classes
[Build Spring Boot with Maven/Build and verify]   | [WARNING] /home/lukas/IdeaProjects/masterarbeit_github_action_test/src/test/java/org/example/masterarbeit_github_action_test/controller/CalculatorControllerTest.java:[22,6] org.springframework.boot.test.mock.mockito.MockBean in org.springframework.boot.test.mock.mockito has been deprecated and marked for removal
[Build Spring Boot with Maven/Build and verify]   | [INFO] 
[Build Spring Boot with Maven/Build and verify]   | [INFO] --- surefire:3.5.2:test (default-test) @ masterarbeit_github_action_test ---
[Build Spring Boot with Maven/Build and verify]   | [INFO] Using auto detected provider org.apache.maven.surefire.junitplatform.JUnitPlatformProvider
[Build Spring Boot with Maven/Build and verify]   | [INFO] 
[Build Spring Boot with Maven/Build and verify]   | [INFO] -------------------------------------------------------
[Build Spring Boot with Maven/Build and verify]   | [INFO]  T E S T S
[Build Spring Boot with Maven/Build and verify]   | [INFO] -------------------------------------------------------
[Build Spring Boot with Maven/Build and verify]   | [INFO] Running org.example.masterarbeit_github_action_test.MasterarbeitGithubActionTestApplicationTests
[Build Spring Boot with Maven/Build and verify]   | 09:27:18.816 [main] INFO org.springframework.test.context.support.AnnotationConfigContextLoaderUtils -- Could not detect default configuration classes for test class [org.example.masterarbeit_github_action_test.MasterarbeitGithubActionTestApplicationTests]: MasterarbeitGithubActionTestApplicationTests does not declare any static, non-private, non-final, nested classes annotated with @Configuration.
[Build Spring Boot with Maven/Build and verify]   | 09:27:18.867 [main] INFO org.springframework.boot.test.context.SpringBootTestContextBootstrapper -- Found @SpringBootConfiguration org.example.masterarbeit_github_action_test.MasterarbeitGithubActionTestApplication for test class org.example.masterarbeit_github_action_test.MasterarbeitGithubActionTestApplicationTests
[Build Spring Boot with Maven/Build and verify]   | 
[Build Spring Boot with Maven/Build and verify]   |   .   ____          _            __ _ _
[Build Spring Boot with Maven/Build and verify]   |  /\\ / ___'_ __ _ _(_)_ __  __ _ \ \ \ \
[Build Spring Boot with Maven/Build and verify]   | ( ( )\___ | '_ | '_| | '_ \/ _` | \ \ \ \
[Build Spring Boot with Maven/Build and verify]   |  \\/  ___)| |_)| | | | | || (_| |  ) ) ) )
[Build Spring Boot with Maven/Build and verify]   |   '  |____| .__|_| |_|_| |_\__, | / / / /
[Build Spring Boot with Maven/Build and verify]   |  =========|_|==============|___/=/_/_/_/
[Build Spring Boot with Maven/Build and verify]   | 
[Build Spring Boot with Maven/Build and verify]   |  :: Spring Boot ::                (v3.4.3)
[Build Spring Boot with Maven/Build and verify]   | 
[Build Spring Boot with Maven/Build and verify]   | 2025-04-16T09:27:19.063Z  INFO 215 --- [masterarbeit_github_action_test] [           main] erarbeitGithubActionTestApplicationTests : Starting MasterarbeitGithubActionTestApplicationTests using Java 17.0.14 with PID 215 (started by root in /home/lukas/IdeaProjects/masterarbeit_github_action_test)
[Build Spring Boot with Maven/Build and verify]   | 2025-04-16T09:27:19.064Z  INFO 215 --- [masterarbeit_github_action_test] [           main] erarbeitGithubActionTestApplicationTests : No active profile set, falling back to 1 default profile: "default"
[Build Spring Boot with Maven/Build and verify]   | 2025-04-16T09:27:19.618Z  INFO 215 --- [masterarbeit_github_action_test] [           main] erarbeitGithubActionTestApplicationTests : Started MasterarbeitGithubActionTestApplicationTests in 0.684 seconds (process running for 1.131)
[Build Spring Boot with Maven/Build and verify]   | OpenJDK 64-Bit Server VM warning: Sharing is only supported for boot loader classes because bootstrap classpath has been appended
[Build Spring Boot with Maven/Build and verify]   | [INFO] Tests run: 3, Failures: 0, Errors: 0, Skipped: 0, Time elapsed: 1.267 s -- in org.example.masterarbeit_github_action_test.MasterarbeitGithubActionTestApplicationTests
[Build Spring Boot with Maven/Build and verify]   | [INFO] Running org.example.masterarbeit_github_action_test.controller.CalculatorControllerTest
[Build Spring Boot with Maven/Build and verify]   | 2025-04-16T09:27:20.023Z  INFO 215 --- [masterarbeit_github_action_test] [           main] t.c.s.AnnotationConfigContextLoaderUtils : Could not detect default configuration classes for test class [org.example.masterarbeit_github_action_test.controller.CalculatorControllerTest]: CalculatorControllerTest does not declare any static, non-private, non-final, nested classes annotated with @Configuration.
[Build Spring Boot with Maven/Build and verify]   | 2025-04-16T09:27:20.041Z  INFO 215 --- [masterarbeit_github_action_test] [           main] .b.t.c.SpringBootTestContextBootstrapper : Found @SpringBootConfiguration org.example.masterarbeit_github_action_test.MasterarbeitGithubActionTestApplication for test class org.example.masterarbeit_github_action_test.controller.CalculatorControllerTest
[Build Spring Boot with Maven/Build and verify]   | 
[Build Spring Boot with Maven/Build and verify]   |   .   ____          _            __ _ _
[Build Spring Boot with Maven/Build and verify]   |  /\\ / ___'_ __ _ _(_)_ __  __ _ \ \ \ \
[Build Spring Boot with Maven/Build and verify]   | ( ( )\___ | '_ | '_| | '_ \/ _` | \ \ \ \
[Build Spring Boot with Maven/Build and verify]   |  \\/  ___)| |_)| | | | | || (_| |  ) ) ) )
[Build Spring Boot with Maven/Build and verify]   |   '  |____| .__|_| |_|_| |_\__, | / / / /
[Build Spring Boot with Maven/Build and verify]   |  =========|_|==============|___/=/_/_/_/
[Build Spring Boot with Maven/Build and verify]   | 
[Build Spring Boot with Maven/Build and verify]   |  :: Spring Boot ::                (v3.4.3)
[Build Spring Boot with Maven/Build and verify]   | 
[Build Spring Boot with Maven/Build and verify]   | 2025-04-16T09:27:20.056Z  INFO 215 --- [masterarbeit_github_action_test] [           main] o.e.m.c.CalculatorControllerTest         : Starting CalculatorControllerTest using Java 17.0.14 with PID 215 (started by root in /home/lukas/IdeaProjects/masterarbeit_github_action_test)
[Build Spring Boot with Maven/Build and verify]   | 2025-04-16T09:27:20.056Z  INFO 215 --- [masterarbeit_github_action_test] [           main] o.e.m.c.CalculatorControllerTest         : No active profile set, falling back to 1 default profile: "default"
[Build Spring Boot with Maven/Build and verify]   | 2025-04-16T09:27:20.284Z  INFO 215 --- [masterarbeit_github_action_test] [           main] o.s.b.t.m.w.SpringBootMockServletContext : Initializing Spring TestDispatcherServlet ''
[Build Spring Boot with Maven/Build and verify]   | 2025-04-16T09:27:20.284Z  INFO 215 --- [masterarbeit_github_action_test] [           main] o.s.t.web.servlet.TestDispatcherServlet  : Initializing Servlet ''
[Build Spring Boot with Maven/Build and verify]   | 2025-04-16T09:27:20.286Z  INFO 215 --- [masterarbeit_github_action_test] [           main] o.s.t.web.servlet.TestDispatcherServlet  : Completed initialization in 0 ms
[Build Spring Boot with Maven/Build and verify]   | 2025-04-16T09:27:20.299Z  INFO 215 --- [masterarbeit_github_action_test] [           main] o.e.m.c.CalculatorControllerTest         : Started CalculatorControllerTest in 0.255 seconds (process running for 1.811)
[Build Spring Boot with Maven/Build and verify]   | [INFO] Tests run: 2, Failures: 0, Errors: 0, Skipped: 0, Time elapsed: 0.533 s -- in org.example.masterarbeit_github_action_test.controller.CalculatorControllerTest
[Build Spring Boot with Maven/Build and verify]   | [INFO] Running org.example.masterarbeit_github_action_test.service.CalculatorServiceTest
[Build Spring Boot with Maven/Build and verify]   | [INFO] Tests run: 1, Failures: 0, Errors: 0, Skipped: 0, Time elapsed: 0.002 s -- in org.example.masterarbeit_github_action_test.service.CalculatorServiceTest
[Build Spring Boot with Maven/Build and verify]   | [INFO] 
[Build Spring Boot with Maven/Build and verify]   | [INFO] Results:
[Build Spring Boot with Maven/Build and verify]   | [INFO] 
[Build Spring Boot with Maven/Build and verify]   | [INFO] Tests run: 6, Failures: 0, Errors: 0, Skipped: 0
[Build Spring Boot with Maven/Build and verify]   | [INFO] 
[Build Spring Boot with Maven/Build and verify]   | [INFO] 
[Build Spring Boot with Maven/Build and verify]   | [INFO] --- jar:3.4.2:jar (default-jar) @ masterarbeit_github_action_test ---
[Build Spring Boot with Maven/Build and verify]   | [INFO] Building jar: /home/lukas/IdeaProjects/masterarbeit_github_action_test/target/masterarbeit_github_action_test-0.0.1-SNAPSHOT.jar
[Build Spring Boot with Maven/Build and verify]   | [INFO] 
[Build Spring Boot with Maven/Build and verify]   | [INFO] --- spring-boot:3.4.3:repackage (repackage) @ masterarbeit_github_action_test ---
[Build Spring Boot with Maven/Build and verify]   | [INFO] Replacing main artifact /home/lukas/IdeaProjects/masterarbeit_github_action_test/target/masterarbeit_github_action_test-0.0.1-SNAPSHOT.jar with repackaged archive, adding nested dependencies in BOOT-INF/.
[Build Spring Boot with Maven/Build and verify]   | [INFO] The original artifact has been renamed to /home/lukas/IdeaProjects/masterarbeit_github_action_test/target/masterarbeit_github_action_test-0.0.1-SNAPSHOT.jar.original
[Build Spring Boot with Maven/Build and verify]   | [INFO] ------------------------------------------------------------------------
[Build Spring Boot with Maven/Build and verify]   | [INFO] BUILD SUCCESS
[Build Spring Boot with Maven/Build and verify]   | [INFO] ------------------------------------------------------------------------
[Build Spring Boot with Maven/Build and verify]   | [INFO] Total time:  3.428 s
[Build Spring Boot with Maven/Build and verify]   | [INFO] Finished at: 2025-04-16T09:27:20Z
[Build Spring Boot with Maven/Build and verify]   | [INFO] ------------------------------------------------------------------------
[Build Spring Boot with Maven/Build and verify]   ‚úÖ  Success - Main Build with Maven [9.920676179s]
[Build Spring Boot with Maven/Build and verify] ‚≠ê Run Post Setup Java 17
[Build Spring Boot with Maven/Build and verify]   üê≥  docker exec cmd=[/opt/acttoolcache/node/18.20.8/x64/bin/node /var/run/act/actions/actions-setup-java@v4/dist/cleanup/index.js] user= workdir=
[Build Spring Boot with Maven/Build and verify]   | [command]/usr/bin/tar --posix -cf cache.tzst --exclude cache.tzst -P -C /home/lukas/IdeaProjects/masterarbeit_github_action_test --files-from manifest.txt --use-compress-program zstdmt
[Build Spring Boot with Maven/Build and verify]   | Cache Size: ~56 MB (58610837 B)
[Build Spring Boot with Maven/Build and verify]   | Cache saved successfully
[Build Spring Boot with Maven/Build and verify]   | Cache saved with the key: setup-java-Linux-x64-maven-ea50c4c0215e34137ac06e8c0f4c3d381cb0e3fc19f30b6addc520364581e0cb
[Build Spring Boot with Maven/Build and verify]   ‚úÖ  Success - Post Setup Java 17 [432.057777ms]
[Build Spring Boot with Maven/Build and verify] ‚≠ê Run Complete job
[Build Spring Boot with Maven/Build and verify] Cleaning up container for job Build and verify
[Build Spring Boot with Maven/Build and verify]   ‚úÖ  Success - Complete job
[Build Spring Boot with Maven/Build and verify] üèÅ  Job succeeded
[Build Spring Boot with Maven/Run Tests       ] ‚≠ê Run Set up job
[Build Spring Boot with Maven/Run Tests       ] üöÄ  Start image=catthehacker/ubuntu:act-latest
[Build Spring Boot with Maven/Run Tests       ]   üê≥  docker pull image=catthehacker/ubuntu:act-latest platform= username= forcePull=true
[Build Spring Boot with Maven/Run Tests       ]   üê≥  docker create image=catthehacker/ubuntu:act-latest platform= entrypoint=["tail" "-f" "/dev/null"] cmd=[] network="host"
[Build Spring Boot with Maven/Run Tests       ]   üê≥  docker run image=catthehacker/ubuntu:act-latest platform= entrypoint=["tail" "-f" "/dev/null"] cmd=[] network="host"
[Build Spring Boot with Maven/Run Tests       ]   üê≥  docker exec cmd=[node --no-warnings -e console.log(process.execPath)] user= workdir=
[Build Spring Boot with Maven/Run Tests       ]   ‚úÖ  Success - Set up job
[Build Spring Boot with Maven/Run Tests       ]   ‚òÅ  git clone 'https://github.com/actions/setup-java' # ref=v4
[Build Spring Boot with Maven/Run Tests       ]   ‚òÅ  git clone 'https://github.com/EnricoMi/publish-unit-test-result-action' # ref=v2
[Build Spring Boot with Maven/Run Tests       ] ‚≠ê Run Main Checkout Repository
[Build Spring Boot with Maven/Run Tests       ]   üê≥  docker cp src=/home/lukas/IdeaProjects/masterarbeit_github_action_test/. dst=/home/lukas/IdeaProjects/masterarbeit_github_action_test
[Build Spring Boot with Maven/Run Tests       ]   ‚úÖ  Success - Main Checkout Repository [69.900492ms]
[Build Spring Boot with Maven/Run Tests       ] ‚≠ê Run Main Setup Java 17
[Build Spring Boot with Maven/Run Tests       ]   üê≥  docker cp src=/home/lukas/.cache/act/actions-setup-java@v4/ dst=/var/run/act/actions/actions-setup-java@v4/
[Build Spring Boot with Maven/Run Tests       ]   üê≥  docker exec cmd=[/opt/acttoolcache/node/18.20.8/x64/bin/node /var/run/act/actions/actions-setup-java@v4/dist/setup/index.js] user= workdir=
[Build Spring Boot with Maven/Run Tests       ]   ‚ùì  ::group::Installed distributions
[Build Spring Boot with Maven/Run Tests       ]   | Resolved Java 17.0.14+7 from tool-cache
[Build Spring Boot with Maven/Run Tests       ]   | Setting Java 17.0.14+7 as the default
[Build Spring Boot with Maven/Run Tests       ]   | Creating toolchains.xml for JDK version 17 from temurin
[Build Spring Boot with Maven/Run Tests       ]   | Writing to /root/.m2/toolchains.xml
[Build Spring Boot with Maven/Run Tests       ]   | 
[Build Spring Boot with Maven/Run Tests       ]   | Java configuration:
[Build Spring Boot with Maven/Run Tests       ]   |   Distribution: temurin
[Build Spring Boot with Maven/Run Tests       ]   |   Version: 17.0.14+7
[Build Spring Boot with Maven/Run Tests       ]   |   Path: /opt/hostedtoolcache/Java_Temurin-Hotspot_jdk/17.0.14-7/x64
[Build Spring Boot with Maven/Run Tests       ]   | 
[Build Spring Boot with Maven/Run Tests       ]   ‚ùì  ::endgroup::
[Build Spring Boot with Maven/Run Tests       ]   ‚ùì add-matcher /run/act/actions/actions-setup-java@v4/.github/java.json
[Build Spring Boot with Maven/Run Tests       ]   | Creating settings.xml with server-id: github
[Build Spring Boot with Maven/Run Tests       ]   | Writing to /root/.m2/settings.xml
[Build Spring Boot with Maven/Run Tests       ]   ‚öô  ***
[Build Spring Boot with Maven/Run Tests       ]   | Cache Size: ~56 MB (58610837 B)
[Build Spring Boot with Maven/Run Tests       ]   | [command]/usr/bin/tar -xf /tmp/f095c956-7cc5-4526-bb5a-9f8ac6161cc4/cache.tzst -P -C /home/lukas/IdeaProjects/masterarbeit_github_action_test --use-compress-program unzstd
[Build Spring Boot with Maven/Run Tests       ]   | Cache restored successfully
[Build Spring Boot with Maven/Run Tests       ]   | Cache restored from key: setup-java-linux-x64-maven-ea50c4c0215e34137ac06e8c0f4c3d381cb0e3fc19f30b6addc520364581e0cb
[Build Spring Boot with Maven/Run Tests       ]   ‚úÖ  Success - Main Setup Java 17 [673.911864ms]
[Build Spring Boot with Maven/Run Tests       ]   ‚öô  ::set-env:: JAVA_HOME=/opt/hostedtoolcache/Java_Temurin-Hotspot_jdk/17.0.14-7/x64
[Build Spring Boot with Maven/Run Tests       ]   ‚öô  ::set-env:: JAVA_HOME_17_X64=/opt/hostedtoolcache/Java_Temurin-Hotspot_jdk/17.0.14-7/x64
[Build Spring Boot with Maven/Run Tests       ]   ‚öô  ::set-output:: distribution=Temurin-Hotspot
[Build Spring Boot with Maven/Run Tests       ]   ‚öô  ::set-output:: path=/opt/hostedtoolcache/Java_Temurin-Hotspot_jdk/17.0.14-7/x64
[Build Spring Boot with Maven/Run Tests       ]   ‚öô  ::set-output:: version=17.0.14+7
[Build Spring Boot with Maven/Run Tests       ]   ‚öô  ::set-output:: cache-hit=false
[Build Spring Boot with Maven/Run Tests       ]   ‚öô  ::add-path:: /opt/hostedtoolcache/Java_Temurin-Hotspot_jdk/17.0.14-7/x64/bin
[Build Spring Boot with Maven/Run Tests       ] ‚≠ê Run Main Run Maven Tests
[Build Spring Boot with Maven/Run Tests       ]   üê≥  docker exec cmd=[bash -e /var/run/act/workflow/2] user= workdir=
[Build Spring Boot with Maven/Run Tests       ]   | [INFO] Scanning for projects...
[Build Spring Boot with Maven/Run Tests       ]   | [INFO] 
[Build Spring Boot with Maven/Run Tests       ]   | [INFO] ------------< org.example:masterarbeit_github_action_test >-------------
[Build Spring Boot with Maven/Run Tests       ]   | [INFO] Building masterarbeit_github_action_test 0.0.1-SNAPSHOT
[Build Spring Boot with Maven/Run Tests       ]   | [INFO]   from pom.xml
[Build Spring Boot with Maven/Run Tests       ]   | [INFO] --------------------------------[ jar ]---------------------------------
[Build Spring Boot with Maven/Run Tests       ]   | [INFO] 
[Build Spring Boot with Maven/Run Tests       ]   | [INFO] --- resources:3.3.1:resources (default-resources) @ masterarbeit_github_action_test ---
[Build Spring Boot with Maven/Run Tests       ]   | [INFO] Copying 1 resource from src/main/resources to target/classes
[Build Spring Boot with Maven/Run Tests       ]   | [INFO] Copying 1 resource from src/main/resources to target/classes
[Build Spring Boot with Maven/Run Tests       ]   | [INFO] 
[Build Spring Boot with Maven/Run Tests       ]   | [INFO] --- compiler:3.13.0:compile (default-compile) @ masterarbeit_github_action_test ---
[Build Spring Boot with Maven/Run Tests       ]   | [INFO] Recompiling the module because of changed source code.
[Build Spring Boot with Maven/Run Tests       ]   | [INFO] Compiling 3 source files with javac [debug parameters release 17] to target/classes
[Build Spring Boot with Maven/Run Tests       ]   | [INFO] 
[Build Spring Boot with Maven/Run Tests       ]   | [INFO] --- resources:3.3.1:testResources (default-testResources) @ masterarbeit_github_action_test ---
[Build Spring Boot with Maven/Run Tests       ]   | [INFO] skip non existing resourceDirectory /home/lukas/IdeaProjects/masterarbeit_github_action_test/src/test/resources
[Build Spring Boot with Maven/Run Tests       ]   | [INFO] 
[Build Spring Boot with Maven/Run Tests       ]   | [INFO] --- compiler:3.13.0:testCompile (default-testCompile) @ masterarbeit_github_action_test ---
[Build Spring Boot with Maven/Run Tests       ]   | [INFO] Recompiling the module because of changed dependency.
[Build Spring Boot with Maven/Run Tests       ]   | [INFO] Compiling 3 source files with javac [debug parameters release 17] to target/test-classes
[Build Spring Boot with Maven/Run Tests       ]   | [WARNING] /home/lukas/IdeaProjects/masterarbeit_github_action_test/src/test/java/org/example/masterarbeit_github_action_test/controller/CalculatorControllerTest.java:[22,6] org.springframework.boot.test.mock.mockito.MockBean in org.springframework.boot.test.mock.mockito has been deprecated and marked for removal
[Build Spring Boot with Maven/Run Tests       ]   | [INFO] 
[Build Spring Boot with Maven/Run Tests       ]   | [INFO] --- surefire:3.5.2:test (default-test) @ masterarbeit_github_action_test ---
[Build Spring Boot with Maven/Run Tests       ]   | [INFO] Using auto detected provider org.apache.maven.surefire.junitplatform.JUnitPlatformProvider
[Build Spring Boot with Maven/Run Tests       ]   | [INFO] 
[Build Spring Boot with Maven/Run Tests       ]   | [INFO] -------------------------------------------------------
[Build Spring Boot with Maven/Run Tests       ]   | [INFO]  T E S T S
[Build Spring Boot with Maven/Run Tests       ]   | [INFO] -------------------------------------------------------
[Build Spring Boot with Maven/Run Tests       ]   | [INFO] Running org.example.masterarbeit_github_action_test.MasterarbeitGithubActionTestApplicationTests
[Build Spring Boot with Maven/Run Tests       ]   | 09:27:27.269 [main] INFO org.springframework.test.context.support.AnnotationConfigContextLoaderUtils -- Could not detect default configuration classes for test class [org.example.masterarbeit_github_action_test.MasterarbeitGithubActionTestApplicationTests]: MasterarbeitGithubActionTestApplicationTests does not declare any static, non-private, non-final, nested classes annotated with @Configuration.
[Build Spring Boot with Maven/Run Tests       ]   | 09:27:27.320 [main] INFO org.springframework.boot.test.context.SpringBootTestContextBootstrapper -- Found @SpringBootConfiguration org.example.masterarbeit_github_action_test.MasterarbeitGithubActionTestApplication for test class org.example.masterarbeit_github_action_test.MasterarbeitGithubActionTestApplicationTests
[Build Spring Boot with Maven/Run Tests       ]   | 
[Build Spring Boot with Maven/Run Tests       ]   |   .   ____          _            __ _ _
[Build Spring Boot with Maven/Run Tests       ]   |  /\\ / ___'_ __ _ _(_)_ __  __ _ \ \ \ \
[Build Spring Boot with Maven/Run Tests       ]   | ( ( )\___ | '_ | '_| | '_ \/ _` | \ \ \ \
[Build Spring Boot with Maven/Run Tests       ]   |  \\/  ___)| |_)| | | | | || (_| |  ) ) ) )
[Build Spring Boot with Maven/Run Tests       ]   |   '  |____| .__|_| |_|_| |_\__, | / / / /
[Build Spring Boot with Maven/Run Tests       ]   |  =========|_|==============|___/=/_/_/_/
[Build Spring Boot with Maven/Run Tests       ]   | 
[Build Spring Boot with Maven/Run Tests       ]   |  :: Spring Boot ::                (v3.4.3)
[Build Spring Boot with Maven/Run Tests       ]   | 
[Build Spring Boot with Maven/Run Tests       ]   | 2025-04-16T09:27:27.521Z  INFO 215 --- [masterarbeit_github_action_test] [           main] erarbeitGithubActionTestApplicationTests : Starting MasterarbeitGithubActionTestApplicationTests using Java 17.0.14 with PID 215 (started by root in /home/lukas/IdeaProjects/masterarbeit_github_action_test)
[Build Spring Boot with Maven/Run Tests       ]   | 2025-04-16T09:27:27.522Z  INFO 215 --- [masterarbeit_github_action_test] [           main] erarbeitGithubActionTestApplicationTests : No active profile set, falling back to 1 default profile: "default"
[Build Spring Boot with Maven/Run Tests       ]   | 2025-04-16T09:27:28.080Z  INFO 215 --- [masterarbeit_github_action_test] [           main] erarbeitGithubActionTestApplicationTests : Started MasterarbeitGithubActionTestApplicationTests in 0.696 seconds (process running for 1.143)
[Build Spring Boot with Maven/Run Tests       ]   | OpenJDK 64-Bit Server VM warning: Sharing is only supported for boot loader classes because bootstrap classpath has been appended
[Build Spring Boot with Maven/Run Tests       ]   | [INFO] Tests run: 3, Failures: 0, Errors: 0, Skipped: 0, Time elapsed: 1.271 s -- in org.example.masterarbeit_github_action_test.MasterarbeitGithubActionTestApplicationTests
[Build Spring Boot with Maven/Run Tests       ]   | [INFO] Running org.example.masterarbeit_github_action_test.controller.CalculatorControllerTest
[Build Spring Boot with Maven/Run Tests       ]   | 2025-04-16T09:27:28.479Z  INFO 215 --- [masterarbeit_github_action_test] [           main] t.c.s.AnnotationConfigContextLoaderUtils : Could not detect default configuration classes for test class [org.example.masterarbeit_github_action_test.controller.CalculatorControllerTest]: CalculatorControllerTest does not declare any static, non-private, non-final, nested classes annotated with @Configuration.
[Build Spring Boot with Maven/Run Tests       ]   | 2025-04-16T09:27:28.494Z  INFO 215 --- [masterarbeit_github_action_test] [           main] .b.t.c.SpringBootTestContextBootstrapper : Found @SpringBootConfiguration org.example.masterarbeit_github_action_test.MasterarbeitGithubActionTestApplication for test class org.example.masterarbeit_github_action_test.controller.CalculatorControllerTest
[Build Spring Boot with Maven/Run Tests       ]   | 
[Build Spring Boot with Maven/Run Tests       ]   |   .   ____          _            __ _ _
[Build Spring Boot with Maven/Run Tests       ]   |  /\\ / ___'_ __ _ _(_)_ __  __ _ \ \ \ \
[Build Spring Boot with Maven/Run Tests       ]   | ( ( )\___ | '_ | '_| | '_ \/ _` | \ \ \ \
[Build Spring Boot with Maven/Run Tests       ]   |  \\/  ___)| |_)| | | | | || (_| |  ) ) ) )
[Build Spring Boot with Maven/Run Tests       ]   |   '  |____| .__|_| |_|_| |_\__, | / / / /
[Build Spring Boot with Maven/Run Tests       ]   |  =========|_|==============|___/=/_/_/_/
[Build Spring Boot with Maven/Run Tests       ]   | 
[Build Spring Boot with Maven/Run Tests       ]   |  :: Spring Boot ::                (v3.4.3)
[Build Spring Boot with Maven/Run Tests       ]   | 
[Build Spring Boot with Maven/Run Tests       ]   | 2025-04-16T09:27:28.510Z  INFO 215 --- [masterarbeit_github_action_test] [           main] o.e.m.c.CalculatorControllerTest         : Starting CalculatorControllerTest using Java 17.0.14 with PID 215 (started by root in /home/lukas/IdeaProjects/masterarbeit_github_action_test)
[Build Spring Boot with Maven/Run Tests       ]   | 2025-04-16T09:27:28.510Z  INFO 215 --- [masterarbeit_github_action_test] [           main] o.e.m.c.CalculatorControllerTest         : No active profile set, falling back to 1 default profile: "default"
[Build Spring Boot with Maven/Run Tests       ]   | 2025-04-16T09:27:28.740Z  INFO 215 --- [masterarbeit_github_action_test] [           main] o.s.b.t.m.w.SpringBootMockServletContext : Initializing Spring TestDispatcherServlet ''
[Build Spring Boot with Maven/Run Tests       ]   | 2025-04-16T09:27:28.740Z  INFO 215 --- [masterarbeit_github_action_test] [           main] o.s.t.web.servlet.TestDispatcherServlet  : Initializing Servlet ''
[Build Spring Boot with Maven/Run Tests       ]   | 2025-04-16T09:27:28.743Z  INFO 215 --- [masterarbeit_github_action_test] [           main] o.s.t.web.servlet.TestDispatcherServlet  : Completed initialization in 2 ms
[Build Spring Boot with Maven/Run Tests       ]   | 2025-04-16T09:27:28.756Z  INFO 215 --- [masterarbeit_github_action_test] [           main] o.e.m.c.CalculatorControllerTest         : Started CalculatorControllerTest in 0.259 seconds (process running for 1.819)
[Build Spring Boot with Maven/Run Tests       ]   | [INFO] Tests run: 2, Failures: 0, Errors: 0, Skipped: 0, Time elapsed: 0.544 s -- in org.example.masterarbeit_github_action_test.controller.CalculatorControllerTest
[Build Spring Boot with Maven/Run Tests       ]   | [INFO] Running org.example.masterarbeit_github_action_test.service.CalculatorServiceTest
[Build Spring Boot with Maven/Run Tests       ]   | [INFO] Tests run: 1, Failures: 0, Errors: 0, Skipped: 0, Time elapsed: 0.001 s -- in org.example.masterarbeit_github_action_test.service.CalculatorServiceTest
[Build Spring Boot with Maven/Run Tests       ]   | [INFO] 
[Build Spring Boot with Maven/Run Tests       ]   | [INFO] Results:
[Build Spring Boot with Maven/Run Tests       ]   | [INFO] 
[Build Spring Boot with Maven/Run Tests       ]   | [INFO] Tests run: 6, Failures: 0, Errors: 0, Skipped: 0
[Build Spring Boot with Maven/Run Tests       ]   | [INFO] 
[Build Spring Boot with Maven/Run Tests       ]   | [INFO] ------------------------------------------------------------------------
[Build Spring Boot with Maven/Run Tests       ]   | [INFO] BUILD SUCCESS
[Build Spring Boot with Maven/Run Tests       ]   | [INFO] ------------------------------------------------------------------------
[Build Spring Boot with Maven/Run Tests       ]   | [INFO] Total time:  3.163 s
[Build Spring Boot with Maven/Run Tests       ]   | [INFO] Finished at: 2025-04-16T09:27:29Z
[Build Spring Boot with Maven/Run Tests       ]   | [INFO] ------------------------------------------------------------------------
[Build Spring Boot with Maven/Run Tests       ]   ‚úÖ  Success - Main Run Maven Tests [4.583259808s]
[Build Spring Boot with Maven/Run Tests       ] ‚≠ê Run Post Setup Java 17
[Build Spring Boot with Maven/Run Tests       ]   üê≥  docker exec cmd=[/opt/acttoolcache/node/18.20.8/x64/bin/node /var/run/act/actions/actions-setup-java@v4/dist/cleanup/index.js] user= workdir=
[Build Spring Boot with Maven/Run Tests       ]   | [command]/usr/bin/tar --posix -cf cache.tzst --exclude cache.tzst -P -C /home/lukas/IdeaProjects/masterarbeit_github_action_test --files-from manifest.txt --use-compress-program zstdmt
[Build Spring Boot with Maven/Run Tests       ]   | Cache Size: ~56 MB (58608333 B)
[Build Spring Boot with Maven/Run Tests       ]   | Cache saved successfully
[Build Spring Boot with Maven/Run Tests       ]   | Cache saved with the key: setup-java-Linux-x64-maven-ea50c4c0215e34137ac06e8c0f4c3d381cb0e3fc19f30b6addc520364581e0cb
[Build Spring Boot with Maven/Run Tests       ]   ‚úÖ  Success - Post Setup Java 17 [432.863039ms]
[Build Spring Boot with Maven/Run Tests       ] ‚≠ê Run Complete job
[Build Spring Boot with Maven/Run Tests       ] Cleaning up container for job Run Tests
[Build Spring Boot with Maven/Run Tests       ]   ‚úÖ  Success - Complete job
[Build Spring Boot with Maven/Run Tests       ] üèÅ  Job succeeded
[Build Spring Boot with Maven/Deploy to Test      ] ‚≠ê Run Set up job
[Build Spring Boot with Maven/Deploy to Test      ] üöÄ  Start image=catthehacker/ubuntu:act-latest
[Build Spring Boot with Maven/Deploy to Test      ]   üê≥  docker pull image=catthehacker/ubuntu:act-latest platform= username= forcePull=true
[Build Spring Boot with Maven/Deploy to Test      ]   üê≥  docker create image=catthehacker/ubuntu:act-latest platform= entrypoint=["tail" "-f" "/dev/null"] cmd=[] network="host"
[Build Spring Boot with Maven/Deploy to Test      ]   üê≥  docker run image=catthehacker/ubuntu:act-latest platform= entrypoint=["tail" "-f" "/dev/null"] cmd=[] network="host"
[Build Spring Boot with Maven/Deploy to Test      ]   üê≥  docker exec cmd=[node --no-warnings -e console.log(process.execPath)] user= workdir=
[Build Spring Boot with Maven/Deploy to Test      ]   ‚úÖ  Success - Set up job
[Build Spring Boot with Maven/Deploy to Test      ]   ‚òÅ  git clone 'https://github.com/actions/setup-java' # ref=v4
[Build Spring Boot with Maven/Deploy to Test      ] ‚≠ê Run Main Check out the repo
[Build Spring Boot with Maven/Deploy to Test      ]   üê≥  docker cp src=/home/lukas/IdeaProjects/masterarbeit_github_action_test/. dst=/home/lukas/IdeaProjects/masterarbeit_github_action_test
[Build Spring Boot with Maven/Deploy to Test      ]   ‚úÖ  Success - Main Check out the repo [70.050273ms]
[Build Spring Boot with Maven/Deploy to Test      ] ‚≠ê Run Main Setup Java 17
[Build Spring Boot with Maven/Deploy to Test      ]   üê≥  docker cp src=/home/lukas/.cache/act/actions-setup-java@v4/ dst=/var/run/act/actions/actions-setup-java@v4/
[Build Spring Boot with Maven/Deploy to Test      ]   üê≥  docker exec cmd=[/opt/acttoolcache/node/18.20.8/x64/bin/node /var/run/act/actions/actions-setup-java@v4/dist/setup/index.js] user= workdir=
[Build Spring Boot with Maven/Deploy to Test      ]   ‚ùì  ::group::Installed distributions
[Build Spring Boot with Maven/Deploy to Test      ]   | Resolved Java 17.0.14+7 from tool-cache
[Build Spring Boot with Maven/Deploy to Test      ]   | Setting Java 17.0.14+7 as the default
[Build Spring Boot with Maven/Deploy to Test      ]   | Creating toolchains.xml for JDK version 17 from temurin
[Build Spring Boot with Maven/Deploy to Test      ]   | Writing to /root/.m2/toolchains.xml
[Build Spring Boot with Maven/Deploy to Test      ]   | 
[Build Spring Boot with Maven/Deploy to Test      ]   | Java configuration:
[Build Spring Boot with Maven/Deploy to Test      ]   |   Distribution: temurin
[Build Spring Boot with Maven/Deploy to Test      ]   |   Version: 17.0.14+7
[Build Spring Boot with Maven/Deploy to Test      ]   |   Path: /opt/hostedtoolcache/Java_Temurin-Hotspot_jdk/17.0.14-7/x64
[Build Spring Boot with Maven/Deploy to Test      ]   | 
[Build Spring Boot with Maven/Deploy to Test      ]   ‚ùì  ::endgroup::
[Build Spring Boot with Maven/Deploy to Test      ]   ‚ùì add-matcher /run/act/actions/actions-setup-java@v4/.github/java.json
[Build Spring Boot with Maven/Deploy to Test      ]   | Creating settings.xml with server-id: github
[Build Spring Boot with Maven/Deploy to Test      ]   | Writing to /root/.m2/settings.xml
[Build Spring Boot with Maven/Deploy to Test      ]   ‚öô  ***
[Build Spring Boot with Maven/Deploy to Test      ]   | Cache Size: ~56 MB (58608333 B)
[Build Spring Boot with Maven/Deploy to Test      ]   | [command]/usr/bin/tar -xf /tmp/f2275f05-98a9-4901-8096-7270e8104395/cache.tzst -P -C /home/lukas/IdeaProjects/masterarbeit_github_action_test --use-compress-program unzstd
[Build Spring Boot with Maven/Deploy to Test      ]   | Cache restored successfully
[Build Spring Boot with Maven/Deploy to Test      ]   | Cache restored from key: setup-java-linux-x64-maven-ea50c4c0215e34137ac06e8c0f4c3d381cb0e3fc19f30b6addc520364581e0cb
[Build Spring Boot with Maven/Deploy to Test      ]   ‚úÖ  Success - Main Setup Java 17 [664.612795ms]
[Build Spring Boot with Maven/Deploy to Test      ]   ‚öô  ::set-env:: JAVA_HOME=/opt/hostedtoolcache/Java_Temurin-Hotspot_jdk/17.0.14-7/x64
[Build Spring Boot with Maven/Deploy to Test      ]   ‚öô  ::set-env:: JAVA_HOME_17_X64=/opt/hostedtoolcache/Java_Temurin-Hotspot_jdk/17.0.14-7/x64
[Build Spring Boot with Maven/Deploy to Test      ]   ‚öô  ::set-output:: path=/opt/hostedtoolcache/Java_Temurin-Hotspot_jdk/17.0.14-7/x64
[Build Spring Boot with Maven/Deploy to Test      ]   ‚öô  ::set-output:: version=17.0.14+7
[Build Spring Boot with Maven/Deploy to Test      ]   ‚öô  ::set-output:: cache-hit=false
[Build Spring Boot with Maven/Deploy to Test      ]   ‚öô  ::set-output:: distribution=Temurin-Hotspot
[Build Spring Boot with Maven/Deploy to Test      ]   ‚öô  ::add-path:: /opt/hostedtoolcache/Java_Temurin-Hotspot_jdk/17.0.14-7/x64/bin
[Build Spring Boot with Maven/Deploy to Test      ] ‚≠ê Run Main Build with Maven
[Build Spring Boot with Maven/Deploy to Test      ]   üê≥  docker exec cmd=[bash -e /var/run/act/workflow/2] user= workdir=
[Build Spring Boot with Maven/Deploy to Test      ]   | [INFO] Scanning for projects...
[Build Spring Boot with Maven/Deploy to Test      ]   | [INFO] 
[Build Spring Boot with Maven/Deploy to Test      ]   | [INFO] ------------< org.example:masterarbeit_github_action_test >-------------
[Build Spring Boot with Maven/Deploy to Test      ]   | [INFO] Building masterarbeit_github_action_test 0.0.1-SNAPSHOT
[Build Spring Boot with Maven/Deploy to Test      ]   | [INFO]   from pom.xml
[Build Spring Boot with Maven/Deploy to Test      ]   | [INFO] --------------------------------[ jar ]---------------------------------
[Build Spring Boot with Maven/Deploy to Test      ]   | [INFO] 
[Build Spring Boot with Maven/Deploy to Test      ]   | [INFO] --- clean:3.4.1:clean (default-clean) @ masterarbeit_github_action_test ---
[Build Spring Boot with Maven/Deploy to Test      ]   | [INFO] 
[Build Spring Boot with Maven/Deploy to Test      ]   | [INFO] --- resources:3.3.1:resources (default-resources) @ masterarbeit_github_action_test ---
[Build Spring Boot with Maven/Deploy to Test      ]   | [INFO] Copying 1 resource from src/main/resources to target/classes
[Build Spring Boot with Maven/Deploy to Test      ]   | [INFO] Copying 1 resource from src/main/resources to target/classes
[Build Spring Boot with Maven/Deploy to Test      ]   | [INFO] 
[Build Spring Boot with Maven/Deploy to Test      ]   | [INFO] --- compiler:3.13.0:compile (default-compile) @ masterarbeit_github_action_test ---
[Build Spring Boot with Maven/Deploy to Test      ]   | [INFO] Recompiling the module because of changed source code.
[Build Spring Boot with Maven/Deploy to Test      ]   | [INFO] Compiling 3 source files with javac [debug parameters release 17] to target/classes
[Build Spring Boot with Maven/Deploy to Test      ]   | [INFO] 
[Build Spring Boot with Maven/Deploy to Test      ]   | [INFO] --- resources:3.3.1:testResources (default-testResources) @ masterarbeit_github_action_test ---
[Build Spring Boot with Maven/Deploy to Test      ]   | [INFO] skip non existing resourceDirectory /home/lukas/IdeaProjects/masterarbeit_github_action_test/src/test/resources
[Build Spring Boot with Maven/Deploy to Test      ]   | [INFO] 
[Build Spring Boot with Maven/Deploy to Test      ]   | [INFO] --- compiler:3.13.0:testCompile (default-testCompile) @ masterarbeit_github_action_test ---
[Build Spring Boot with Maven/Deploy to Test      ]   | [INFO] Recompiling the module because of changed dependency.
[Build Spring Boot with Maven/Deploy to Test      ]   | [INFO] Compiling 3 source files with javac [debug parameters release 17] to target/test-classes
[Build Spring Boot with Maven/Deploy to Test      ]   | [WARNING] /home/lukas/IdeaProjects/masterarbeit_github_action_test/src/test/java/org/example/masterarbeit_github_action_test/controller/CalculatorControllerTest.java:[22,6] org.springframework.boot.test.mock.mockito.MockBean in org.springframework.boot.test.mock.mockito has been deprecated and marked for removal
[Build Spring Boot with Maven/Deploy to Test      ]   | [INFO] 
[Build Spring Boot with Maven/Deploy to Test      ]   | [INFO] --- surefire:3.5.2:test (default-test) @ masterarbeit_github_action_test ---
[Build Spring Boot with Maven/Deploy to Test      ]   | [INFO] Using auto detected provider org.apache.maven.surefire.junitplatform.JUnitPlatformProvider
[Build Spring Boot with Maven/Deploy to Test      ]   | [INFO] 
[Build Spring Boot with Maven/Deploy to Test      ]   | [INFO] -------------------------------------------------------
[Build Spring Boot with Maven/Deploy to Test      ]   | [INFO]  T E S T S
[Build Spring Boot with Maven/Deploy to Test      ]   | [INFO] -------------------------------------------------------
[Build Spring Boot with Maven/Deploy to Test      ]   | [INFO] Running org.example.masterarbeit_github_action_test.MasterarbeitGithubActionTestApplicationTests
[Build Spring Boot with Maven/Deploy to Test      ]   | 09:27:35.135 [main] INFO org.springframework.test.context.support.AnnotationConfigContextLoaderUtils -- Could not detect default configuration classes for test class [org.example.masterarbeit_github_action_test.MasterarbeitGithubActionTestApplicationTests]: MasterarbeitGithubActionTestApplicationTests does not declare any static, non-private, non-final, nested classes annotated with @Configuration.
[Build Spring Boot with Maven/Deploy to Test      ]   | 09:27:35.187 [main] INFO org.springframework.boot.test.context.SpringBootTestContextBootstrapper -- Found @SpringBootConfiguration org.example.masterarbeit_github_action_test.MasterarbeitGithubActionTestApplication for test class org.example.masterarbeit_github_action_test.MasterarbeitGithubActionTestApplicationTests
[Build Spring Boot with Maven/Deploy to Test      ]   | 
[Build Spring Boot with Maven/Deploy to Test      ]   |   .   ____          _            __ _ _
[Build Spring Boot with Maven/Deploy to Test      ]   |  /\\ / ___'_ __ _ _(_)_ __  __ _ \ \ \ \
[Build Spring Boot with Maven/Deploy to Test      ]   | ( ( )\___ | '_ | '_| | '_ \/ _` | \ \ \ \
[Build Spring Boot with Maven/Deploy to Test      ]   |  \\/  ___)| |_)| | | | | || (_| |  ) ) ) )
[Build Spring Boot with Maven/Deploy to Test      ]   |   '  |____| .__|_| |_|_| |_\__, | / / / /
[Build Spring Boot with Maven/Deploy to Test      ]   |  =========|_|==============|___/=/_/_/_/
[Build Spring Boot with Maven/Deploy to Test      ]   | 
[Build Spring Boot with Maven/Deploy to Test      ]   |  :: Spring Boot ::                (v3.4.3)
[Build Spring Boot with Maven/Deploy to Test      ]   | 
[Build Spring Boot with Maven/Deploy to Test      ]   | 2025-04-16T09:27:35.381Z  INFO 215 --- [masterarbeit_github_action_test] [           main] erarbeitGithubActionTestApplicationTests : Starting MasterarbeitGithubActionTestApplicationTests using Java 17.0.14 with PID 215 (started by root in /home/lukas/IdeaProjects/masterarbeit_github_action_test)
[Build Spring Boot with Maven/Deploy to Test      ]   | 2025-04-16T09:27:35.382Z  INFO 215 --- [masterarbeit_github_action_test] [           main] erarbeitGithubActionTestApplicationTests : No active profile set, falling back to 1 default profile: "default"
[Build Spring Boot with Maven/Deploy to Test      ]   | 2025-04-16T09:27:35.924Z  INFO 215 --- [masterarbeit_github_action_test] [           main] erarbeitGithubActionTestApplicationTests : Started MasterarbeitGithubActionTestApplicationTests in 0.671 seconds (process running for 1.125)
[Build Spring Boot with Maven/Deploy to Test      ]   | OpenJDK 64-Bit Server VM warning: Sharing is only supported for boot loader classes because bootstrap classpath has been appended
[Build Spring Boot with Maven/Deploy to Test      ]   | [INFO] Tests run: 3, Failures: 0, Errors: 0, Skipped: 0, Time elapsed: 1.243 s -- in org.example.masterarbeit_github_action_test.MasterarbeitGithubActionTestApplicationTests
[Build Spring Boot with Maven/Deploy to Test      ]   | [INFO] Running org.example.masterarbeit_github_action_test.controller.CalculatorControllerTest
[Build Spring Boot with Maven/Deploy to Test      ]   | 2025-04-16T09:27:36.316Z  INFO 215 --- [masterarbeit_github_action_test] [           main] t.c.s.AnnotationConfigContextLoaderUtils : Could not detect default configuration classes for test class [org.example.masterarbeit_github_action_test.controller.CalculatorControllerTest]: CalculatorControllerTest does not declare any static, non-private, non-final, nested classes annotated with @Configuration.
[Build Spring Boot with Maven/Deploy to Test      ]   | 2025-04-16T09:27:36.333Z  INFO 215 --- [masterarbeit_github_action_test] [           main] .b.t.c.SpringBootTestContextBootstrapper : Found @SpringBootConfiguration org.example.masterarbeit_github_action_test.MasterarbeitGithubActionTestApplication for test class org.example.masterarbeit_github_action_test.controller.CalculatorControllerTest
[Build Spring Boot with Maven/Deploy to Test      ]   | 
[Build Spring Boot with Maven/Deploy to Test      ]   |   .   ____          _            __ _ _
[Build Spring Boot with Maven/Deploy to Test      ]   |  /\\ / ___'_ __ _ _(_)_ __  __ _ \ \ \ \
[Build Spring Boot with Maven/Deploy to Test      ]   | ( ( )\___ | '_ | '_| | '_ \/ _` | \ \ \ \
[Build Spring Boot with Maven/Deploy to Test      ]   |  \\/  ___)| |_)| | | | | || (_| |  ) ) ) )
[Build Spring Boot with Maven/Deploy to Test      ]   |   '  |____| .__|_| |_|_| |_\__, | / / / /
[Build Spring Boot with Maven/Deploy to Test      ]   |  =========|_|==============|___/=/_/_/_/
[Build Spring Boot with Maven/Deploy to Test      ]   | 
[Build Spring Boot with Maven/Deploy to Test      ]   |  :: Spring Boot ::                (v3.4.3)
[Build Spring Boot with Maven/Deploy to Test      ]   | 
[Build Spring Boot with Maven/Deploy to Test      ]   | 2025-04-16T09:27:36.348Z  INFO 215 --- [masterarbeit_github_action_test] [           main] o.e.m.c.CalculatorControllerTest         : Starting CalculatorControllerTest using Java 17.0.14 with PID 215 (started by root in /home/lukas/IdeaProjects/masterarbeit_github_action_test)
[Build Spring Boot with Maven/Deploy to Test      ]   | 2025-04-16T09:27:36.348Z  INFO 215 --- [masterarbeit_github_action_test] [           main] o.e.m.c.CalculatorControllerTest         : No active profile set, falling back to 1 default profile: "default"
[Build Spring Boot with Maven/Deploy to Test      ]   | 2025-04-16T09:27:36.579Z  INFO 215 --- [masterarbeit_github_action_test] [           main] o.s.b.t.m.w.SpringBootMockServletContext : Initializing Spring TestDispatcherServlet ''
[Build Spring Boot with Maven/Deploy to Test      ]   | 2025-04-16T09:27:36.579Z  INFO 215 --- [masterarbeit_github_action_test] [           main] o.s.t.web.servlet.TestDispatcherServlet  : Initializing Servlet ''
[Build Spring Boot with Maven/Deploy to Test      ]   | 2025-04-16T09:27:36.582Z  INFO 215 --- [masterarbeit_github_action_test] [           main] o.s.t.web.servlet.TestDispatcherServlet  : Completed initialization in 0 ms
[Build Spring Boot with Maven/Deploy to Test      ]   | 2025-04-16T09:27:36.595Z  INFO 215 --- [masterarbeit_github_action_test] [           main] o.e.m.c.CalculatorControllerTest         : Started CalculatorControllerTest in 0.26 seconds (process running for 1.795)
[Build Spring Boot with Maven/Deploy to Test      ]   | [INFO] Tests run: 2, Failures: 0, Errors: 0, Skipped: 0, Time elapsed: 0.543 s -- in org.example.masterarbeit_github_action_test.controller.CalculatorControllerTest
[Build Spring Boot with Maven/Deploy to Test      ]   | [INFO] Running org.example.masterarbeit_github_action_test.service.CalculatorServiceTest
[Build Spring Boot with Maven/Deploy to Test      ]   | [INFO] Tests run: 1, Failures: 0, Errors: 0, Skipped: 0, Time elapsed: 0.001 s -- in org.example.masterarbeit_github_action_test.service.CalculatorServiceTest
[Build Spring Boot with Maven/Deploy to Test      ]   | [INFO] 
[Build Spring Boot with Maven/Deploy to Test      ]   | [INFO] Results:
[Build Spring Boot with Maven/Deploy to Test      ]   | [INFO] 
[Build Spring Boot with Maven/Deploy to Test      ]   | [INFO] Tests run: 6, Failures: 0, Errors: 0, Skipped: 0
[Build Spring Boot with Maven/Deploy to Test      ]   | [INFO] 
[Build Spring Boot with Maven/Deploy to Test      ]   | [INFO] 
[Build Spring Boot with Maven/Deploy to Test      ]   | [INFO] --- jar:3.4.2:jar (default-jar) @ masterarbeit_github_action_test ---
[Build Spring Boot with Maven/Deploy to Test      ]   | [INFO] Building jar: /home/lukas/IdeaProjects/masterarbeit_github_action_test/target/masterarbeit_github_action_test-0.0.1-SNAPSHOT.jar
[Build Spring Boot with Maven/Deploy to Test      ]   | [INFO] 
[Build Spring Boot with Maven/Deploy to Test      ]   | [INFO] --- spring-boot:3.4.3:repackage (repackage) @ masterarbeit_github_action_test ---
[Build Spring Boot with Maven/Deploy to Test      ]   | [INFO] Replacing main artifact /home/lukas/IdeaProjects/masterarbeit_github_action_test/target/masterarbeit_github_action_test-0.0.1-SNAPSHOT.jar with repackaged archive, adding nested dependencies in BOOT-INF/.
[Build Spring Boot with Maven/Deploy to Test      ]   | [INFO] The original artifact has been renamed to /home/lukas/IdeaProjects/masterarbeit_github_action_test/target/masterarbeit_github_action_test-0.0.1-SNAPSHOT.jar.original
[Build Spring Boot with Maven/Deploy to Test      ]   | [INFO] ------------------------------------------------------------------------
[Build Spring Boot with Maven/Deploy to Test      ]   | [INFO] BUILD SUCCESS
[Build Spring Boot with Maven/Deploy to Test      ]   | [INFO] ------------------------------------------------------------------------
[Build Spring Boot with Maven/Deploy to Test      ]   | [INFO] Total time:  3.417 s
[Build Spring Boot with Maven/Deploy to Test      ]   | [INFO] Finished at: 2025-04-16T09:27:37Z
[Build Spring Boot with Maven/Deploy to Test      ]   | [INFO] ------------------------------------------------------------------------
[Build Spring Boot with Maven/Deploy to Test      ]   ‚úÖ  Success - Main Build with Maven [4.83878077s]
[Build Spring Boot with Maven/Deploy to Test      ] ‚≠ê Run Main Install Heroku CLI
[Build Spring Boot with Maven/Deploy to Test      ]   üê≥  docker exec cmd=[bash -e /var/run/act/workflow/3] user= workdir=
[Build Spring Boot with Maven/Deploy to Test      ]   |   % Total    % Received % Xferd  Average Speed   Time    Time     Time  Current
[Build Spring Boot with Maven/Deploy to Test      ]   |                                  Dload  Upload   Total   Spent    Left  Speed
[Build Spring Boot with Maven/Deploy to Test      ]   |   0     0    0     0    0     0      0      0 --:--:-- --:--:-- --:--:--     0100  1979  100  1979    0     0  21652      0 --:--:-- --:--:-- --:--:-- 21747
[Build Spring Boot with Maven/Deploy to Test      ]   | Installing CLI from https://cli-assets.heroku.com/channels/stable/heroku-linux-x64.tar.xz
[Build Spring Boot with Maven/Deploy to Test      ]   |   % Total    % Received % Xferd  Average Speed   Time    Time     Time  Current
[Build Spring Boot with Maven/Deploy to Test      ]   |                                  Dload  Upload   Total   Spent    Left  Speed
[Build Spring Boot with Maven/Deploy to Test      ]   |   0     0    0     0    0     0      0      0 --:--:-- --:--:-- --:--:--     0  4 54.4M    4 2591k    0     0  4297k      0  0:00:12 --:--:--  0:00:12 4297k 27 54.4M   27 14.7M    0     0  9447k      0  0:00:05  0:00:01  0:00:04 9441k 52 54.4M   52 28.7M    0     0  10.9M      0  0:00:04  0:00:02  0:00:02 10.9M 79 54.4M   79 43.4M    0     0  12.0M      0  0:00:04  0:00:03  0:00:01 12.0M100 54.4M  100 54.4M    0     0  12.3M      0  0:00:04  0:00:04 --:--:-- 12.3M
[Build Spring Boot with Maven/Deploy to Test      ]   | v20.17.0
[Build Spring Boot with Maven/Deploy to Test      ]   | heroku installed to /usr/local/bin/heroku
[Build Spring Boot with Maven/Deploy to Test      ]   |  ‚Ä∫   Warning: Our terms of service have changed: 
[Build Spring Boot with Maven/Deploy to Test      ]   |  ‚Ä∫   https://dashboard.heroku.com/terms-of-service
[Build Spring Boot with Maven/Deploy to Test      ]   | heroku/10.6.0 linux-x64 node-v20.17.0
[Build Spring Boot with Maven/Deploy to Test      ]   ‚úÖ  Success - Main Install Heroku CLI [5.403890189s]
[Build Spring Boot with Maven/Deploy to Test      ] ‚≠ê Run Main Configure Heroku Git authentication via .netrc
[Build Spring Boot with Maven/Deploy to Test      ]   üê≥  docker exec cmd=[bash -e /var/run/act/workflow/4] user= workdir=
[Build Spring Boot with Maven/Deploy to Test      ]   ‚úÖ  Success - Main Configure Heroku Git authentication via .netrc [56.438514ms]
[Build Spring Boot with Maven/Deploy to Test      ] ‚≠ê Run Main Add Heroku remote
[Build Spring Boot with Maven/Deploy to Test      ]   üê≥  docker exec cmd=[bash -e /var/run/act/workflow/5] user= workdir=
[Build Spring Boot with Maven/Deploy to Test      ]   ‚úÖ  Success - Main Add Heroku remote [65.958702ms]
[Build Spring Boot with Maven/Deploy to Test      ] ‚≠ê Run Main Push to Heroku (force deployment)
[Build Spring Boot with Maven/Deploy to Test      ]   üê≥  docker exec cmd=[bash -e /var/run/act/workflow/6] user= workdir=
[Build Spring Boot with Maven/Deploy to Test      ]   | fatal: could not read Username for 'https://git.heroku.com': No such device or address
[Build Spring Boot with Maven/Deploy to Test      ]   ‚ùå  Failure - Main Push to Heroku (force deployment) [966.678679ms]
[Build Spring Boot with Maven/Deploy to Test      ] exitcode '128': failure
[Build Spring Boot with Maven/Deploy to Test      ] ‚≠ê Run Post Setup Java 17
[Build Spring Boot with Maven/Deploy to Test      ]   üê≥  docker exec cmd=[/opt/acttoolcache/node/18.20.8/x64/bin/node /var/run/act/actions/actions-setup-java@v4/dist/cleanup/index.js] user= workdir=
[Build Spring Boot with Maven/Deploy to Test      ]   ‚úÖ  Success - Post Setup Java 17 [169.204222ms]
[Build Spring Boot with Maven/Deploy to Test      ] ‚≠ê Run Complete job
[Build Spring Boot with Maven/Deploy to Test      ]   ‚úÖ  Success - Complete job
[Build Spring Boot with Maven/Deploy to Test      ] üèÅ  Job failed
Error: Job 'Deploy to Test' failed
Command exited with non-zero status 1
	Command being timed: "act"
	User time (seconds): 0.96
	System time (seconds): 0.94
	Percent of CPU this job got: 5%
	Elapsed (wall clock) time (h:mm:ss or m:ss): 0:35.77
	Average shared text size (kbytes): 0
	Average unshared data size (kbytes): 0
	Average stack size (kbytes): 0
	Average total size (kbytes): 0
	Maximum resident set size (kbytes): 35224
	Average resident set size (kbytes): 0
	Major (requiring I/O) page faults: 0
	Minor (reclaiming a frame) page faults: 13458
	Voluntary context switches: 23929
	Involuntary context switches: 261
	Swaps: 0
	File system inputs: 0
	File system outputs: 884040
	Socket messages sent: 0
	Socket messages received: 0
	Signals delivered: 0
	Page size (bytes): 4096
	Exit status: 1
